--------------------------------------------------------------
--------------------------------------------------------------
Monitoring Internet Connection commencing : 2020-09-20 16:04:33 polling every 1 second(s)
-------Internet Connection unavailable at : 2020-09-20 16:10:24
-------Internet Connection restored at    : 2020-09-20 16:12:26
-------The duration of the downtime was   :             0:02:01
-------Internet Connection unavailable at : 2020-09-20 16:12:50
-----------Internet Connection still unavailable at : 2020-09-20 16:13:51
-------Internet Connection restored at    : 2020-09-20 16:13:51
-------The duration of the downtime was   :             0:01:01
-------Internet Connection unavailable at : 2020-09-20 16:52:10
-------Internet Connection restored at    : 2020-09-20 16:52:15
-------The duration of the downtime was   :             0:00:04
-------Internet Connection unavailable at : 2020-09-20 16:52:34
-------Internet Connection restored at    : 2020-09-20 16:52:39
-------The duration of the downtime was   :             0:00:05
-------Internet Connection unavailable at : 2020-09-20 17:13:46
-------Internet Connection restored at    : 2020-09-20 17:13:46
-------The duration of the downtime was   :             0:00:00
-------Internet Connection unavailable at : 2020-09-20 17:52:30
-------Internet Connection restored at    : 2020-09-20 17:54:18
-------The duration of the downtime was   :             0:01:47
-------Internet Connection unavailable at : 2020-09-20 17:54:48
-------Internet Connection restored at    : 2020-09-20 17:55:48
-------The duration of the downtime was   :             0:00:59
-------Internet Connection unavailable at : 2020-09-20 18:37:52
-------Internet Connection restored at    : 2020-09-20 18:37:58
-------The duration of the downtime was   :             0:00:05
-------Internet Connection unavailable at : 2020-09-20 19:34:02
-------Internet Connection restored at    : 2020-09-20 19:34:02
-------The duration of the downtime was   :             0:00:00
-------Internet Connection unavailable at : 2020-09-20 20:10:42
-------Internet Connection restored at    : 2020-09-20 20:10:42
-------The duration of the downtime was   :             0:00:00
-------Internet Connection unavailable at : 2020-09-20 20:55:30
-----------Internet Connection still unavailable at : 2020-09-20 20:57:41
-------Internet Connection restored at    : 2020-09-20 20:58:47
-------The duration of the downtime was   :             0:03:17
-------Internet Connection unavailable at : 2020-09-20 21:16:30
-----------Internet Connection still unavailable at : 2020-09-20 21:19:08
-------Internet Connection restored at    : 2020-09-20 21:19:49
-------The duration of the downtime was   :             0:03:18
